# JRE version: OpenJDK Runtime Environment (8.0_181-b13) (build 1.8.0_181-8u181-b13-0ubuntu0.16.04.1-b13)
# Java VM: OpenJDK 64-Bit Server VM (25.181-b13 mixed mode linux-amd64 compressed oops)
Heap:
 PSYoungGen      total 15872K, used 1018K [0x00000000ec180000, 0x00000000ed200000, 0x0000000100000000)
  eden space 15360K, 5% used [0x00000000ec180000,0x00000000ec25ebd8,0x00000000ed080000)
  from space 512K, 25% used [0x00000000ed180000,0x00000000ed1a0000,0x00000000ed200000)
  to   space 512K, 0% used [0x00000000ed100000,0x00000000ed100000,0x00000000ed180000)
 ParOldGen       total 46080K, used 15292K [0x00000000c4400000, 0x00000000c7100000, 0x00000000ec180000)
  object space 46080K, 33% used [0x00000000c4400000,0x00000000c52ef2e0,0x00000000c7100000)
 Metaspace       used 16310K, capacity 16540K, committed 16896K, reserved 1064960K
  class space    used 1966K, capacity 2048K, committed 2048K, reserved 1048576K
GC Heap History (10 events):
Event: 79.410 GC heap before
{Heap before GC invocations=57 (full 1):
 PSYoungGen      total 16384K, used 15424K [0x00000000ec180000, 0x00000000ed280000, 0x0000000100000000)
  eden space 15360K, 100% used [0x00000000ec180000,0x00000000ed080000,0x00000000ed080000)
  from space 1024K, 6% used [0x00000000ed080000,0x00000000ed090000,0x00000000ed180000)
  to   space 1024K, 0% used [0x00000000ed180000,0x00000000ed180000,0x00000000ed280000)
 ParOldGen       total 46080K, used 15252K [0x00000000c4400000, 0x00000000c7100000, 0x00000000ec180000)
  object space 46080K, 33% used [0x00000000c4400000,0x00000000c52e52e0,0x00000000c7100000)
 Metaspace       used 16252K, capacity 16476K, committed 16640K, reserved 1064960K
  class space    used 1962K, capacity 2048K, committed 2048K, reserved 1048576K
Event: 79.412 GC heap after
Heap after GC invocations=57 (full 1):
 PSYoungGen      total 15872K, used 64K [0x00000000ec180000, 0x00000000ed200000, 0x0000000100000000)
  eden space 15360K, 0% used [0x00000000ec180000,0x00000000ec180000,0x00000000ed080000)
  from space 512K, 12% used [0x00000000ed180000,0x00000000ed190000,0x00000000ed200000)
  to   space 512K, 0% used [0x00000000ed100000,0x00000000ed100000,0x00000000ed180000)
 ParOldGen       total 46080K, used 15252K [0x00000000c4400000, 0x00000000c7100000, 0x00000000ec180000)
  object space 46080K, 33% used [0x00000000c4400000,0x00000000c52e52e0,0x00000000c7100000)
 Metaspace       used 16252K, capacity 16476K, committed 16640K, reserved 1064960K
  class space    used 1962K, capacity 2048K, committed 2048K, reserved 1048576K
}
Event: 80.396 GC heap before
{Heap before GC invocations=58 (full 1):
 PSYoungGen      total 15872K, used 15424K [0x00000000ec180000, 0x00000000ed200000, 0x0000000100000000)
  eden space 15360K, 100% used [0x00000000ec180000,0x00000000ed080000,0x00000000ed080000)
  from space 512K, 12% used [0x00000000ed180000,0x00000000ed190000,0x00000000ed200000)
  to   space 512K, 0% used [0x00000000ed100000,0x00000000ed100000,0x00000000ed180000)
 ParOldGen       total 46080K, used 15252K [0x00000000c4400000, 0x00000000c7100000, 0x00000000ec180000)
  object space 46080K, 33% used [0x00000000c4400000,0x00000000c52e52e0,0x00000000c7100000)
 Metaspace       used 16252K, capacity 16476K, committed 16640K, reserved 1064960K
  class space    used 1962K, capacity 2048K, committed 2048K, reserved 1048576K
Event: 80.397 GC heap after
Heap after GC invocations=58 (full 1):
 PSYoungGen      total 15872K, used 128K [0x00000000ec180000, 0x00000000ed200000, 0x0000000100000000)
  eden space 15360K, 0% used [0x00000000ec180000,0x00000000ec180000,0x00000000ed080000)
  from space 512K, 25% used [0x00000000ed100000,0x00000000ed120000,0x00000000ed180000)
  to   space 512K, 0% used [0x00000000ed180000,0x00000000ed180000,0x00000000ed200000)
 ParOldGen       total 46080K, used 15268K [0x00000000c4400000, 0x00000000c7100000, 0x00000000ec180000)
  object space 46080K, 33% used [0x00000000c4400000,0x00000000c52e92e0,0x00000000c7100000)
 Metaspace       used 16252K, capacity 16476K, committed 16640K, reserved 1064960K
  class space    used 1962K, capacity 2048K, committed 2048K, reserved 1048576K
}
Event: 81.199 GC heap before
{Heap before GC invocations=59 (full 1):
 PSYoungGen      total 15872K, used 15488K [0x00000000ec180000, 0x00000000ed200000, 0x0000000100000000)
  eden space 15360K, 100% used [0x00000000ec180000,0x00000000ed080000,0x00000000ed080000)
  from space 512K, 25% used [0x00000000ed100000,0x00000000ed120000,0x00000000ed180000)
  to   space 512K, 0% used [0x00000000ed180000,0x00000000ed180000,0x00000000ed200000)
 ParOldGen       total 46080K, used 15268K [0x00000000c4400000, 0x00000000c7100000, 0x00000000ec180000)
  object space 46080K, 33% used [0x00000000c4400000,0x00000000c52e92e0,0x00000000c7100000)
 Metaspace       used 16252K, capacity 16476K, committed 16640K, reserved 1064960K
  class space    used 1962K, capacity 2048K, committed 2048K, reserved 1048576K
Event: 81.201 GC heap after
Heap after GC invocations=59 (full 1):
 PSYoungGen      total 15872K, used 64K [0x00000000ec180000, 0x00000000ed200000, 0x0000000100000000)
  eden space 15360K, 0% used [0x00000000ec180000,0x00000000ec180000,0x00000000ed080000)
  from space 512K, 12% used [0x00000000ed180000,0x00000000ed190000,0x00000000ed200000)
  to   space 512K, 0% used [0x00000000ed100000,0x00000000ed100000,0x00000000ed180000)
 ParOldGen       total 46080K, used 15284K [0x00000000c4400000, 0x00000000c7100000, 0x00000000ec180000)
  object space 46080K, 33% used [0x00000000c4400000,0x00000000c52ed2e0,0x00000000c7100000)
 Metaspace       used 16252K, capacity 16476K, committed 16640K, reserved 1064960K
  class space    used 1962K, capacity 2048K, committed 2048K, reserved 1048576K
}
Event: 82.072 GC heap before
{Heap before GC invocations=60 (full 1):
 PSYoungGen      total 15872K, used 15424K [0x00000000ec180000, 0x00000000ed200000, 0x0000000100000000)
  eden space 15360K, 100% used [0x00000000ec180000,0x00000000ed080000,0x00000000ed080000)
  from space 512K, 12% used [0x00000000ed180000,0x00000000ed190000,0x00000000ed200000)
  to   space 512K, 0% used [0x00000000ed100000,0x00000000ed100000,0x00000000ed180000)
 ParOldGen       total 46080K, used 15284K [0x00000000c4400000, 0x00000000c7100000, 0x00000000ec180000)
  object space 46080K, 33% used [0x00000000c4400000,0x00000000c52ed2e0,0x00000000c7100000)
 Metaspace       used 16252K, capacity 16476K, committed 16640K, reserved 1064960K
  class space    used 1962K, capacity 2048K, committed 2048K, reserved 1048576K
Event: 82.076 GC heap after
Heap after GC invocations=60 (full 1):
 PSYoungGen      total 15872K, used 64K [0x00000000ec180000, 0x00000000ed200000, 0x0000000100000000)
  eden space 15360K, 0% used [0x00000000ec180000,0x00000000ec180000,0x00000000ed080000)
  from space 512K, 12% used [0x00000000ed100000,0x00000000ed110000,0x00000000ed180000)
  to   space 512K, 0% used [0x00000000ed180000,0x00000000ed180000,0x00000000ed200000)
 ParOldGen       total 46080K, used 15292K [0x00000000c4400000, 0x00000000c7100000, 0x00000000ec180000)
  object space 46080K, 33% used [0x00000000c4400000,0x00000000c52ef2e0,0x00000000c7100000)
 Metaspace       used 16252K, capacity 16476K, committed 16640K, reserved 1064960K
  class space    used 1962K, capacity 2048K, committed 2048K, reserved 1048576K
}
Event: 84.307 GC heap before
{Heap before GC invocations=61 (full 1):
 PSYoungGen      total 15872K, used 15424K [0x00000000ec180000, 0x00000000ed200000, 0x0000000100000000)
  eden space 15360K, 100% used [0x00000000ec180000,0x00000000ed080000,0x00000000ed080000)
  from space 512K, 12% used [0x00000000ed100000,0x00000000ed110000,0x00000000ed180000)
  to   space 512K, 0% used [0x00000000ed180000,0x00000000ed180000,0x00000000ed200000)
 ParOldGen       total 46080K, used 15292K [0x00000000c4400000, 0x00000000c7100000, 0x00000000ec180000)
  object space 46080K, 33% used [0x00000000c4400000,0x00000000c52ef2e0,0x00000000c7100000)
 Metaspace       used 16258K, capacity 16476K, committed 16640K, reserved 1064960K
  class space    used 1962K, capacity 2048K, committed 2048K, reserved 1048576K
Event: 84.312 GC heap after
Heap after GC invocations=61 (full 1):
 PSYoungGen      total 15872K, used 128K [0x00000000ec180000, 0x00000000ed200000, 0x0000000100000000)
  eden space 15360K, 0% used [0x00000000ec180000,0x00000000ec180000,0x00000000ed080000)
  from space 512K, 25% used [0x00000000ed180000,0x00000000ed1a0000,0x00000000ed200000)
  to   space 512K, 0% used [0x00000000ed100000,0x00000000ed100000,0x00000000ed180000)
 ParOldGen       total 46080K, used 15292K [0x00000000c4400000, 0x00000000c7100000, 0x00000000ec180000)
  object space 46080K, 33% used [0x00000000c4400000,0x00000000c52ef2e0,0x00000000c7100000)
 Metaspace       used 16258K, capacity 16476K, committed 16640K, reserved 1064960K
  class space    used 1962K, capacity 2048K, committed 2048K, reserved 1048576K
}

